<?xml version="1.0" encoding="UTF-8"?>
<!-- Generated by org.testng.reporters.JUnitReportReporter -->
<testsuite hostname="BAGOWDARA" name="org.wbs.wholesale.SampleTest" tests="1" failures="0" timestamp="7 Jun 2018 08:43:43 GMT" time="0.001" errors="0">
  <testcase name="logintoWBS" time="0.001" classname="org.wbs.wholesale.SampleTest"/>
</testsuite> <!-- org.wbs.wholesale.SampleTest -->
