<?xml version="1.0" encoding="UTF-8"?>
<!-- Generated by org.testng.reporters.JUnitReportReporter -->
<testsuite hostname="BATHUKAPR" failures="0" tests="1" name="jar.AppTest" time="0.008" errors="0" timestamp="6 Jun 2018 09:12:04 GMT">
  <testcase classname="jar.AppTest" name="logintoWBS" time="0.008"/>
</testsuite> <!-- jar.AppTest -->
