<?xml version="1.0" encoding="UTF-8"?>
<!-- Generated by org.testng.reporters.JUnitReportReporter -->
<testsuite hostname="BATHUKAPR" failures="0" tests="1" name="jar.SampleTest" time="0.001" errors="0" timestamp="6 Jun 2018 09:12:04 GMT">
  <testcase classname="jar.SampleTest" name="logintoWBS" time="0.001"/>
</testsuite> <!-- jar.SampleTest -->
