<?xml version="1.0" encoding="UTF-8"?>
<!-- Generated by org.testng.reporters.JUnitReportReporter -->
<testsuite hostname="BAGOWDARA" name="org.wbs.wholesale.AppTest" tests="1" failures="0" timestamp="7 Jun 2018 08:43:44 GMT" time="0.007" errors="0">
  <testcase name="logintoWBS" time="0.007" classname="org.wbs.wholesale.AppTest"/>
</testsuite> <!-- org.wbs.wholesale.AppTest -->
